app/build/intermediates/manifest_merge_blame_file/debug/manifest-merger-blame-debug-report.txt
1<?xml version="1.0" encoding="utf-8"?>
2<manifest xmlns:android="http://schemas.android.com/apk/res/android"
3    package="com.example.insense"
4    android:versionCode="1"
5    android:versionName="1.0" >
6
7    <uses-sdk
8        android:minSdkVersion="21"
8-->src\main\AndroidManifest.xml
9        android:targetSdkVersion="31" />
9-->src\main\AndroidManifest.xml
10
11    <uses-permission android:name="android.permission.ACCESS_NETWORK_STATE" />
11-->[com.firebaseui:firebase-ui-auth:5.0.0] AndroidManifest.xml:12:5-79
11-->[com.firebaseui:firebase-ui-auth:5.0.0] AndroidManifest.xml:12:22-76
12    <uses-permission android:name="android.permission.INTERNET" />
12-->[com.firebaseui:firebase-ui-auth:5.0.0] AndroidManifest.xml:13:5-67
12-->[com.firebaseui:firebase-ui-auth:5.0.0] AndroidManifest.xml:13:22-64
13    <uses-permission android:name="android.permission.WAKE_LOCK" />
13-->[com.google.android.gms:play-services-measurement-api:20.1.0] AndroidManifest.xml:24:5-68
13-->[com.google.android.gms:play-services-measurement-api:20.1.0] AndroidManifest.xml:24:22-65
14    <uses-permission android:name="com.google.android.finsky.permission.BIND_GET_INSTALL_REFERRER_SERVICE" /> <!-- Include required permissions for Advertising Id -->
14-->[com.google.android.gms:play-services-measurement:20.1.0] AndroidManifest.xml:26:5-110
14-->[com.google.android.gms:play-services-measurement:20.1.0] AndroidManifest.xml:26:22-107
15    <uses-permission android:name="com.google.android.gms.permission.AD_ID" />
15-->[com.google.android.gms:play-services-ads-identifier:18.0.0] AndroidManifest.xml:23:5-79
15-->[com.google.android.gms:play-services-ads-identifier:18.0.0] AndroidManifest.xml:23:22-76
16
17    <application
17-->src\main\AndroidManifest.xml:5:5-22:19
18        android:allowBackup="true"
18-->src\main\AndroidManifest.xml:6:9-35
19        android:appComponentFactory="androidx.core.app.CoreComponentFactory"
19-->[androidx.core:core:1.7.0] AndroidManifest.xml:24:18-86
20        android:debuggable="true"
21        android:icon="@mipmap/ic_launcher"
21-->src\main\AndroidManifest.xml:7:9-43
22        android:label="@string/app_name"
22-->src\main\AndroidManifest.xml:8:9-41
23        android:roundIcon="@mipmap/ic_launcher_round"
23-->src\main\AndroidManifest.xml:9:9-54
24        android:supportsRtl="true"
24-->src\main\AndroidManifest.xml:10:9-35
25        android:testOnly="true"
26        android:theme="@style/Theme.InSense" >
26-->src\main\AndroidManifest.xml:11:9-45
27        <activity
27-->src\main\AndroidManifest.xml:12:9-21:20
28            android:name="com.example.insense.ui.main_activity.MainActivity"
28-->src\main\AndroidManifest.xml:13:13-58
29            android:exported="true"
29-->src\main\AndroidManifest.xml:15:13-36
30            android:screenOrientation="portrait" >
30-->src\main\AndroidManifest.xml:14:13-49
31            <intent-filter>
31-->src\main\AndroidManifest.xml:16:13-20:29
32                <action android:name="android.intent.action.MAIN" />
32-->src\main\AndroidManifest.xml:17:17-69
32-->src\main\AndroidManifest.xml:17:25-66
33
34                <category android:name="android.intent.category.LAUNCHER" />
34-->src\main\AndroidManifest.xml:19:17-77
34-->src\main\AndroidManifest.xml:19:27-74
35            </intent-filter>
36        </activity>
37
38        <meta-data
38-->[com.firebaseui:firebase-ui-auth:5.0.0] AndroidManifest.xml:16:9-18:69
39            android:name="com.google.android.gms.version"
39-->[com.firebaseui:firebase-ui-auth:5.0.0] AndroidManifest.xml:17:13-58
40            android:value="@integer/google_play_services_version" />
40-->[com.firebaseui:firebase-ui-auth:5.0.0] AndroidManifest.xml:18:13-66
41        <meta-data
41-->[com.firebaseui:firebase-ui-auth:5.0.0] AndroidManifest.xml:19:9-21:63
42            android:name="com.facebook.sdk.ApplicationId"
42-->[com.firebaseui:firebase-ui-auth:5.0.0] AndroidManifest.xml:20:13-58
43            android:value="@string/facebook_application_id" />
43-->[com.firebaseui:firebase-ui-auth:5.0.0] AndroidManifest.xml:21:13-60
44
45        <activity
45-->[com.firebaseui:firebase-ui-auth:5.0.0] AndroidManifest.xml:23:9-27:61
46            android:name="com.firebase.ui.auth.KickoffActivity"
46-->[com.firebaseui:firebase-ui-auth:5.0.0] AndroidManifest.xml:24:13-64
47            android:exported="false"
47-->[com.firebaseui:firebase-ui-auth:5.0.0] AndroidManifest.xml:25:13-37
48            android:label=""
48-->[com.firebaseui:firebase-ui-auth:5.0.0] AndroidManifest.xml:26:13-29
49            android:theme="@style/FirebaseUI.Transparent" />
49-->[com.firebaseui:firebase-ui-auth:5.0.0] AndroidManifest.xml:27:13-58
50        <activity
50-->[com.firebaseui:firebase-ui-auth:5.0.0] AndroidManifest.xml:28:9-32:61
51            android:name="com.firebase.ui.auth.ui.idp.SingleSignInActivity"
51-->[com.firebaseui:firebase-ui-auth:5.0.0] AndroidManifest.xml:29:13-76
52            android:exported="false"
52-->[com.firebaseui:firebase-ui-auth:5.0.0] AndroidManifest.xml:30:13-37
53            android:label=""
53-->[com.firebaseui:firebase-ui-auth:5.0.0] AndroidManifest.xml:31:13-29
54            android:theme="@style/FirebaseUI.Transparent" />
54-->[com.firebaseui:firebase-ui-auth:5.0.0] AndroidManifest.xml:32:13-58
55        <activity
55-->[com.firebaseui:firebase-ui-auth:5.0.0] AndroidManifest.xml:33:9-37:61
56            android:name="com.firebase.ui.auth.ui.credentials.CredentialSaveActivity"
56-->[com.firebaseui:firebase-ui-auth:5.0.0] AndroidManifest.xml:34:13-86
57            android:exported="false"
57-->[com.firebaseui:firebase-ui-auth:5.0.0] AndroidManifest.xml:35:13-37
58            android:label=""
58-->[com.firebaseui:firebase-ui-auth:5.0.0] AndroidManifest.xml:36:13-29
59            android:theme="@style/FirebaseUI.Transparent" />
59-->[com.firebaseui:firebase-ui-auth:5.0.0] AndroidManifest.xml:37:13-58
60        <activity
60-->[com.firebaseui:firebase-ui-auth:5.0.0] AndroidManifest.xml:38:9-42:58
61            android:name="com.firebase.ui.auth.ui.email.RecoverPasswordActivity"
61-->[com.firebaseui:firebase-ui-auth:5.0.0] AndroidManifest.xml:39:13-81
62            android:exported="false"
62-->[com.firebaseui:firebase-ui-auth:5.0.0] AndroidManifest.xml:40:13-37
63            android:label="@string/fui_title_recover_password_activity"
63-->[com.firebaseui:firebase-ui-auth:5.0.0] AndroidManifest.xml:41:13-72
64            android:windowSoftInputMode="adjustResize" />
64-->[com.firebaseui:firebase-ui-auth:5.0.0] AndroidManifest.xml:42:13-55
65        <activity
65-->[com.firebaseui:firebase-ui-auth:5.0.0] AndroidManifest.xml:43:9-47:58
66            android:name="com.firebase.ui.auth.ui.email.EmailActivity"
66-->[com.firebaseui:firebase-ui-auth:5.0.0] AndroidManifest.xml:44:13-71
67            android:exported="false"
67-->[com.firebaseui:firebase-ui-auth:5.0.0] AndroidManifest.xml:45:13-37
68            android:label="@string/fui_sign_in_default"
68-->[com.firebaseui:firebase-ui-auth:5.0.0] AndroidManifest.xml:46:13-56
69            android:windowSoftInputMode="adjustResize" />
69-->[com.firebaseui:firebase-ui-auth:5.0.0] AndroidManifest.xml:47:13-55
70        <activity
70-->[com.firebaseui:firebase-ui-auth:5.0.0] AndroidManifest.xml:48:9-52:77
71            android:name="com.firebase.ui.auth.ui.phone.PhoneActivity"
71-->[com.firebaseui:firebase-ui-auth:5.0.0] AndroidManifest.xml:49:13-71
72            android:exported="false"
72-->[com.firebaseui:firebase-ui-auth:5.0.0] AndroidManifest.xml:50:13-37
73            android:label="@string/fui_sign_in_with_phone_number"
73-->[com.firebaseui:firebase-ui-auth:5.0.0] AndroidManifest.xml:51:13-66
74            android:windowSoftInputMode="adjustResize|stateAlwaysVisible" />
74-->[com.firebaseui:firebase-ui-auth:5.0.0] AndroidManifest.xml:52:13-74
75        <activity
75-->[com.firebaseui:firebase-ui-auth:5.0.0] AndroidManifest.xml:53:9-57:58
76            android:name="com.firebase.ui.auth.ui.idp.WelcomeBackIdpPrompt"
76-->[com.firebaseui:firebase-ui-auth:5.0.0] AndroidManifest.xml:54:13-76
77            android:exported="false"
77-->[com.firebaseui:firebase-ui-auth:5.0.0] AndroidManifest.xml:55:13-37
78            android:label="@string/fui_title_welcome_back_idp_prompt"
78-->[com.firebaseui:firebase-ui-auth:5.0.0] AndroidManifest.xml:56:13-70
79            android:windowSoftInputMode="adjustResize" />
79-->[com.firebaseui:firebase-ui-auth:5.0.0] AndroidManifest.xml:57:13-55
80        <activity
80-->[com.firebaseui:firebase-ui-auth:5.0.0] AndroidManifest.xml:58:9-62:58
81            android:name="com.firebase.ui.auth.ui.email.WelcomeBackPasswordPrompt"
81-->[com.firebaseui:firebase-ui-auth:5.0.0] AndroidManifest.xml:59:13-83
82            android:exported="false"
82-->[com.firebaseui:firebase-ui-auth:5.0.0] AndroidManifest.xml:60:13-37
83            android:label="@string/fui_title_welcome_back_password_prompt"
83-->[com.firebaseui:firebase-ui-auth:5.0.0] AndroidManifest.xml:61:13-75
84            android:windowSoftInputMode="adjustResize" />
84-->[com.firebaseui:firebase-ui-auth:5.0.0] AndroidManifest.xml:62:13-55
85        <activity
85-->[com.firebaseui:firebase-ui-auth:5.0.0] AndroidManifest.xml:63:9-67:58
86            android:name="com.firebase.ui.auth.ui.email.WelcomeBackEmailLinkPrompt"
86-->[com.firebaseui:firebase-ui-auth:5.0.0] AndroidManifest.xml:64:13-84
87            android:exported="false"
87-->[com.firebaseui:firebase-ui-auth:5.0.0] AndroidManifest.xml:65:13-37
88            android:label="@string/fui_title_welcome_back_password_prompt"
88-->[com.firebaseui:firebase-ui-auth:5.0.0] AndroidManifest.xml:66:13-75
89            android:windowSoftInputMode="adjustResize" />
89-->[com.firebaseui:firebase-ui-auth:5.0.0] AndroidManifest.xml:67:13-55
90        <activity
90-->[com.firebaseui:firebase-ui-auth:5.0.0] AndroidManifest.xml:68:9-73:58
91            android:name="com.firebase.ui.auth.ui.email.EmailLinkCatcherActivity"
91-->[com.firebaseui:firebase-ui-auth:5.0.0] AndroidManifest.xml:69:13-82
92            android:exported="false"
92-->[com.firebaseui:firebase-ui-auth:5.0.0] AndroidManifest.xml:70:13-37
93            android:label=""
93-->[com.firebaseui:firebase-ui-auth:5.0.0] AndroidManifest.xml:71:13-29
94            android:theme="@style/FirebaseUI.Transparent"
94-->[com.firebaseui:firebase-ui-auth:5.0.0] AndroidManifest.xml:72:13-58
95            android:windowSoftInputMode="adjustResize" />
95-->[com.firebaseui:firebase-ui-auth:5.0.0] AndroidManifest.xml:73:13-55
96        <activity
96-->[com.firebaseui:firebase-ui-auth:5.0.0] AndroidManifest.xml:74:9-78:58
97            android:name="com.firebase.ui.auth.ui.email.EmailLinkErrorRecoveryActivity"
97-->[com.firebaseui:firebase-ui-auth:5.0.0] AndroidManifest.xml:75:13-88
98            android:exported="false"
98-->[com.firebaseui:firebase-ui-auth:5.0.0] AndroidManifest.xml:76:13-37
99            android:label="@string/fui_sign_in_default"
99-->[com.firebaseui:firebase-ui-auth:5.0.0] AndroidManifest.xml:77:13-56
100            android:windowSoftInputMode="adjustResize" />
100-->[com.firebaseui:firebase-ui-auth:5.0.0] AndroidManifest.xml:78:13-55
101        <activity
101-->[com.firebaseui:firebase-ui-auth:5.0.0] AndroidManifest.xml:79:9-82:65
102            android:name="com.firebase.ui.auth.ui.idp.AuthMethodPickerActivity"
102-->[com.firebaseui:firebase-ui-auth:5.0.0] AndroidManifest.xml:80:13-80
103            android:exported="false"
103-->[com.firebaseui:firebase-ui-auth:5.0.0] AndroidManifest.xml:81:13-37
104            android:label="@string/fui_default_toolbar_title" />
104-->[com.firebaseui:firebase-ui-auth:5.0.0] AndroidManifest.xml:82:13-62
105        <activity
105-->[com.firebaseui:firebase-ui-auth:5.0.0] AndroidManifest.xml:83:9-87:48
106            android:name="com.facebook.FacebookActivity"
106-->[com.firebaseui:firebase-ui-auth:5.0.0] AndroidManifest.xml:84:13-57
107            android:configChanges="keyboard|keyboardHidden|screenLayout|screenSize|orientation"
107-->[com.firebaseui:firebase-ui-auth:5.0.0] AndroidManifest.xml:85:13-96
108            android:label="@string/app_name" />
108-->[com.firebaseui:firebase-ui-auth:5.0.0] AndroidManifest.xml:86:13-45
109        <activity
109-->[com.firebaseui:firebase-ui-auth:5.0.0] AndroidManifest.xml:88:9-100:20
110            android:name="com.facebook.CustomTabActivity"
110-->[com.firebaseui:firebase-ui-auth:5.0.0] AndroidManifest.xml:89:13-58
111            android:exported="true" >
111-->[com.firebaseui:firebase-ui-auth:5.0.0] AndroidManifest.xml:90:13-36
112            <intent-filter>
112-->[com.firebaseui:firebase-ui-auth:5.0.0] AndroidManifest.xml:92:13-99:29
113                <action android:name="android.intent.action.VIEW" />
113-->[com.firebaseui:firebase-ui-auth:5.0.0] AndroidManifest.xml:93:17-69
113-->[com.firebaseui:firebase-ui-auth:5.0.0] AndroidManifest.xml:93:25-66
114
115                <category android:name="android.intent.category.DEFAULT" />
115-->[com.firebaseui:firebase-ui-auth:5.0.0] AndroidManifest.xml:95:17-76
115-->[com.firebaseui:firebase-ui-auth:5.0.0] AndroidManifest.xml:95:27-73
116                <category android:name="android.intent.category.BROWSABLE" />
116-->[com.firebaseui:firebase-ui-auth:5.0.0] AndroidManifest.xml:96:17-78
116-->[com.firebaseui:firebase-ui-auth:5.0.0] AndroidManifest.xml:96:27-75
117
118                <data android:scheme="@string/facebook_login_protocol_scheme" />
118-->[com.firebaseui:firebase-ui-auth:5.0.0] AndroidManifest.xml:98:17-81
118-->[com.firebaseui:firebase-ui-auth:5.0.0] AndroidManifest.xml:98:23-78
119            </intent-filter>
120        </activity>
121
122        <provider
122-->[com.firebaseui:firebase-ui-auth:5.0.0] AndroidManifest.xml:102:9-106:38
123            android:name="com.firebase.ui.auth.data.client.AuthUiInitProvider"
123-->[com.firebaseui:firebase-ui-auth:5.0.0] AndroidManifest.xml:103:13-79
124            android:authorities="com.example.insense.authuiinitprovider"
124-->[com.firebaseui:firebase-ui-auth:5.0.0] AndroidManifest.xml:104:13-70
125            android:exported="false"
125-->[com.firebaseui:firebase-ui-auth:5.0.0] AndroidManifest.xml:105:13-37
126            android:initOrder="90" />
126-->[com.firebaseui:firebase-ui-auth:5.0.0] AndroidManifest.xml:106:13-35
127
128        <activity
128-->[com.google.firebase:firebase-auth:21.0.1] AndroidManifest.xml:27:9-44:20
129            android:name="com.google.firebase.auth.internal.GenericIdpActivity"
129-->[com.google.firebase:firebase-auth:21.0.1] AndroidManifest.xml:28:13-80
130            android:excludeFromRecents="true"
130-->[com.google.firebase:firebase-auth:21.0.1] AndroidManifest.xml:29:13-46
131            android:exported="true"
131-->[com.google.firebase:firebase-auth:21.0.1] AndroidManifest.xml:30:13-36
132            android:launchMode="singleTask"
132-->[com.google.firebase:firebase-auth:21.0.1] AndroidManifest.xml:31:13-44
133            android:theme="@android:style/Theme.Translucent.NoTitleBar" >
133-->[com.google.firebase:firebase-auth:21.0.1] AndroidManifest.xml:32:13-72
134            <intent-filter>
134-->[com.google.firebase:firebase-auth:21.0.1] AndroidManifest.xml:33:13-43:29
135                <action android:name="android.intent.action.VIEW" />
135-->[com.firebaseui:firebase-ui-auth:5.0.0] AndroidManifest.xml:93:17-69
135-->[com.firebaseui:firebase-ui-auth:5.0.0] AndroidManifest.xml:93:25-66
136
137                <category android:name="android.intent.category.DEFAULT" />
137-->[com.firebaseui:firebase-ui-auth:5.0.0] AndroidManifest.xml:95:17-76
137-->[com.firebaseui:firebase-ui-auth:5.0.0] AndroidManifest.xml:95:27-73
138                <category android:name="android.intent.category.BROWSABLE" />
138-->[com.firebaseui:firebase-ui-auth:5.0.0] AndroidManifest.xml:96:17-78
138-->[com.firebaseui:firebase-ui-auth:5.0.0] AndroidManifest.xml:96:27-75
139
140                <data
140-->[com.firebaseui:firebase-ui-auth:5.0.0] AndroidManifest.xml:98:17-81
141                    android:host="firebase.auth"
142                    android:path="/"
143                    android:scheme="genericidp" />
143-->[com.firebaseui:firebase-ui-auth:5.0.0] AndroidManifest.xml:98:23-78
144            </intent-filter>
145        </activity>
146        <activity
146-->[com.google.firebase:firebase-auth:21.0.1] AndroidManifest.xml:45:9-62:20
147            android:name="com.google.firebase.auth.internal.RecaptchaActivity"
147-->[com.google.firebase:firebase-auth:21.0.1] AndroidManifest.xml:46:13-79
148            android:excludeFromRecents="true"
148-->[com.google.firebase:firebase-auth:21.0.1] AndroidManifest.xml:47:13-46
149            android:exported="true"
149-->[com.google.firebase:firebase-auth:21.0.1] AndroidManifest.xml:48:13-36
150            android:launchMode="singleTask"
150-->[com.google.firebase:firebase-auth:21.0.1] AndroidManifest.xml:49:13-44
151            android:theme="@android:style/Theme.Translucent.NoTitleBar" >
151-->[com.google.firebase:firebase-auth:21.0.1] AndroidManifest.xml:50:13-72
152            <intent-filter>
152-->[com.google.firebase:firebase-auth:21.0.1] AndroidManifest.xml:51:13-61:29
153                <action android:name="android.intent.action.VIEW" />
153-->[com.firebaseui:firebase-ui-auth:5.0.0] AndroidManifest.xml:93:17-69
153-->[com.firebaseui:firebase-ui-auth:5.0.0] AndroidManifest.xml:93:25-66
154
155                <category android:name="android.intent.category.DEFAULT" />
155-->[com.firebaseui:firebase-ui-auth:5.0.0] AndroidManifest.xml:95:17-76
155-->[com.firebaseui:firebase-ui-auth:5.0.0] AndroidManifest.xml:95:27-73
156                <category android:name="android.intent.category.BROWSABLE" />
156-->[com.firebaseui:firebase-ui-auth:5.0.0] AndroidManifest.xml:96:17-78
156-->[com.firebaseui:firebase-ui-auth:5.0.0] AndroidManifest.xml:96:27-75
157
158                <data
158-->[com.firebaseui:firebase-ui-auth:5.0.0] AndroidManifest.xml:98:17-81
159                    android:host="firebase.auth"
160                    android:path="/"
161                    android:scheme="recaptcha" />
161-->[com.firebaseui:firebase-ui-auth:5.0.0] AndroidManifest.xml:98:23-78
162            </intent-filter>
163        </activity>
164
165        <service
165-->[com.google.firebase:firebase-auth:21.0.1] AndroidManifest.xml:64:9-73:19
166            android:name="com.google.firebase.auth.api.fallback.service.FirebaseAuthFallbackService"
166-->[com.google.firebase:firebase-auth:21.0.1] AndroidManifest.xml:65:13-101
167            android:enabled="true"
167-->[com.google.firebase:firebase-auth:21.0.1] AndroidManifest.xml:66:13-35
168            android:exported="false" >
168-->[com.google.firebase:firebase-auth:21.0.1] AndroidManifest.xml:67:13-37
169            <intent-filter>
169-->[com.google.firebase:firebase-auth:21.0.1] AndroidManifest.xml:68:13-72:29
170                <action android:name="com.google.firebase.auth.api.gms.service.START" />
170-->[com.google.firebase:firebase-auth:21.0.1] AndroidManifest.xml:69:17-89
170-->[com.google.firebase:firebase-auth:21.0.1] AndroidManifest.xml:69:25-86
171
172                <category android:name="android.intent.category.DEFAULT" />
172-->[com.firebaseui:firebase-ui-auth:5.0.0] AndroidManifest.xml:95:17-76
172-->[com.firebaseui:firebase-ui-auth:5.0.0] AndroidManifest.xml:95:27-73
173            </intent-filter>
174        </service>
175        <service
175-->[com.google.firebase:firebase-auth:21.0.1] AndroidManifest.xml:74:9-80:19
176            android:name="com.google.firebase.components.ComponentDiscoveryService"
176-->[com.google.firebase:firebase-auth:21.0.1] AndroidManifest.xml:75:13-84
177            android:directBootAware="true"
177-->[com.google.firebase:firebase-common:20.0.0] AndroidManifest.xml:35:13-43
178            android:exported="false" >
178-->[com.google.firebase:firebase-auth:21.0.1] AndroidManifest.xml:76:13-37
179            <meta-data
179-->[com.google.firebase:firebase-auth:21.0.1] AndroidManifest.xml:77:13-79:85
180                android:name="com.google.firebase.components:com.google.firebase.auth.FirebaseAuthRegistrar"
180-->[com.google.firebase:firebase-auth:21.0.1] AndroidManifest.xml:78:17-109
181                android:value="com.google.firebase.components.ComponentRegistrar" />
181-->[com.google.firebase:firebase-auth:21.0.1] AndroidManifest.xml:79:17-82
182            <meta-data
182-->[com.google.android.gms:play-services-measurement-api:20.1.0] AndroidManifest.xml:30:13-32:85
183                android:name="com.google.firebase.components:com.google.firebase.analytics.connector.internal.AnalyticsConnectorRegistrar"
183-->[com.google.android.gms:play-services-measurement-api:20.1.0] AndroidManifest.xml:31:17-139
184                android:value="com.google.firebase.components.ComponentRegistrar" />
184-->[com.google.android.gms:play-services-measurement-api:20.1.0] AndroidManifest.xml:32:17-82
185            <meta-data
185-->[com.google.firebase:firebase-installations:17.0.0] AndroidManifest.xml:18:13-20:85
186                android:name="com.google.firebase.components:com.google.firebase.installations.FirebaseInstallationsRegistrar"
186-->[com.google.firebase:firebase-installations:17.0.0] AndroidManifest.xml:19:17-127
187                android:value="com.google.firebase.components.ComponentRegistrar" />
187-->[com.google.firebase:firebase-installations:17.0.0] AndroidManifest.xml:20:17-82
188        </service>
189
190        <provider
190-->[com.google.firebase:firebase-common:20.0.0] AndroidManifest.xml:26:9-31:39
191            android:name="com.google.firebase.provider.FirebaseInitProvider"
191-->[com.google.firebase:firebase-common:20.0.0] AndroidManifest.xml:27:13-77
192            android:authorities="com.example.insense.firebaseinitprovider"
192-->[com.google.firebase:firebase-common:20.0.0] AndroidManifest.xml:28:13-72
193            android:directBootAware="true"
193-->[com.google.firebase:firebase-common:20.0.0] AndroidManifest.xml:29:13-43
194            android:exported="false"
194-->[com.google.firebase:firebase-common:20.0.0] AndroidManifest.xml:30:13-37
195            android:initOrder="100" />
195-->[com.google.firebase:firebase-common:20.0.0] AndroidManifest.xml:31:13-36
196
197        <activity
197-->[com.google.android.gms:play-services-auth:16.0.1] AndroidManifest.xml:23:9-27:75
198            android:name="com.google.android.gms.auth.api.signin.internal.SignInHubActivity"
198-->[com.google.android.gms:play-services-auth:16.0.1] AndroidManifest.xml:24:13-93
199            android:excludeFromRecents="true"
199-->[com.google.android.gms:play-services-auth:16.0.1] AndroidManifest.xml:25:13-46
200            android:exported="false"
200-->[com.google.android.gms:play-services-auth:16.0.1] AndroidManifest.xml:26:13-37
201            android:theme="@android:style/Theme.Translucent.NoTitleBar" />
201-->[com.google.android.gms:play-services-auth:16.0.1] AndroidManifest.xml:27:13-72
202        <!--
203            Service handling Google Sign-In user revocation. For apps that do not integrate with
204            Google Sign-In, this service will never be started.
205        -->
206        <service
206-->[com.google.android.gms:play-services-auth:16.0.1] AndroidManifest.xml:33:9-36:110
207            android:name="com.google.android.gms.auth.api.signin.RevocationBoundService"
207-->[com.google.android.gms:play-services-auth:16.0.1] AndroidManifest.xml:34:13-89
208            android:exported="true"
208-->[com.google.android.gms:play-services-auth:16.0.1] AndroidManifest.xml:35:13-36
209            android:permission="com.google.android.gms.auth.api.signin.permission.REVOCATION_NOTIFICATION" />
209-->[com.google.android.gms:play-services-auth:16.0.1] AndroidManifest.xml:36:13-107
210
211        <activity
211-->[com.google.android.gms:play-services-base:17.1.0] AndroidManifest.xml:23:9-26:75
212            android:name="com.google.android.gms.common.api.GoogleApiActivity"
212-->[com.google.android.gms:play-services-base:17.1.0] AndroidManifest.xml:24:13-79
213            android:exported="false"
213-->[com.google.android.gms:play-services-base:17.1.0] AndroidManifest.xml:25:13-37
214            android:theme="@android:style/Theme.Translucent.NoTitleBar" />
214-->[com.google.android.gms:play-services-base:17.1.0] AndroidManifest.xml:26:13-72
215
216        <receiver
216-->[com.google.android.gms:play-services-measurement:20.1.0] AndroidManifest.xml:29:9-33:20
217            android:name="com.google.android.gms.measurement.AppMeasurementReceiver"
217-->[com.google.android.gms:play-services-measurement:20.1.0] AndroidManifest.xml:30:13-85
218            android:enabled="true"
218-->[com.google.android.gms:play-services-measurement:20.1.0] AndroidManifest.xml:31:13-35
219            android:exported="false" >
219-->[com.google.android.gms:play-services-measurement:20.1.0] AndroidManifest.xml:32:13-37
220        </receiver>
221
222        <service
222-->[com.google.android.gms:play-services-measurement:20.1.0] AndroidManifest.xml:35:9-38:40
223            android:name="com.google.android.gms.measurement.AppMeasurementService"
223-->[com.google.android.gms:play-services-measurement:20.1.0] AndroidManifest.xml:36:13-84
224            android:enabled="true"
224-->[com.google.android.gms:play-services-measurement:20.1.0] AndroidManifest.xml:37:13-35
225            android:exported="false" />
225-->[com.google.android.gms:play-services-measurement:20.1.0] AndroidManifest.xml:38:13-37
226        <service
226-->[com.google.android.gms:play-services-measurement:20.1.0] AndroidManifest.xml:39:9-43:72
227            android:name="com.google.android.gms.measurement.AppMeasurementJobService"
227-->[com.google.android.gms:play-services-measurement:20.1.0] AndroidManifest.xml:40:13-87
228            android:enabled="true"
228-->[com.google.android.gms:play-services-measurement:20.1.0] AndroidManifest.xml:41:13-35
229            android:exported="false"
229-->[com.google.android.gms:play-services-measurement:20.1.0] AndroidManifest.xml:42:13-37
230            android:permission="android.permission.BIND_JOB_SERVICE" />
230-->[com.google.android.gms:play-services-measurement:20.1.0] AndroidManifest.xml:43:13-69
231
232        <provider
232-->[androidx.emoji2:emoji2:1.0.0] AndroidManifest.xml:26:9-34:20
233            android:name="androidx.startup.InitializationProvider"
233-->[androidx.emoji2:emoji2:1.0.0] AndroidManifest.xml:27:13-67
234            android:authorities="com.example.insense.androidx-startup"
234-->[androidx.emoji2:emoji2:1.0.0] AndroidManifest.xml:28:13-68
235            android:exported="false" >
235-->[androidx.emoji2:emoji2:1.0.0] AndroidManifest.xml:29:13-37
236            <meta-data
236-->[androidx.emoji2:emoji2:1.0.0] AndroidManifest.xml:31:13-33:52
237                android:name="androidx.emoji2.text.EmojiCompatInitializer"
237-->[androidx.emoji2:emoji2:1.0.0] AndroidManifest.xml:32:17-75
238                android:value="androidx.startup" />
238-->[androidx.emoji2:emoji2:1.0.0] AndroidManifest.xml:33:17-49
239            <meta-data
239-->[androidx.lifecycle:lifecycle-process:2.4.0] AndroidManifest.xml:31:13-33:52
240                android:name="androidx.lifecycle.ProcessLifecycleInitializer"
240-->[androidx.lifecycle:lifecycle-process:2.4.0] AndroidManifest.xml:32:17-78
241                android:value="androidx.startup" />
241-->[androidx.lifecycle:lifecycle-process:2.4.0] AndroidManifest.xml:33:17-49
242        </provider>
243
244        <uses-library
244-->[androidx.window:window:1.0.0] AndroidManifest.xml:25:9-27:40
245            android:name="androidx.window.extensions"
245-->[androidx.window:window:1.0.0] AndroidManifest.xml:26:13-54
246            android:required="false" />
246-->[androidx.window:window:1.0.0] AndroidManifest.xml:27:13-37
247        <uses-library
247-->[androidx.window:window:1.0.0] AndroidManifest.xml:28:9-30:40
248            android:name="androidx.window.sidecar"
248-->[androidx.window:window:1.0.0] AndroidManifest.xml:29:13-51
249            android:required="false" />
249-->[androidx.window:window:1.0.0] AndroidManifest.xml:30:13-37
250    </application>
251
252</manifest>